2020-11-18 16:30:24 INFO  Producer:18 - put to queue
2020-11-18 16:30:24 INFO  Consumer:15 - take from queue
2020-11-18 16:30:24 INFO  Consumer:15 - take from queue
2020-11-18 16:30:24 WARN  BlockingQueue:29 - Queue is empty
2020-11-18 16:30:24 INFO  Consumer:15 - take from queue
2020-11-18 16:30:24 WARN  BlockingQueue:29 - Queue is empty
2020-11-18 16:30:24 WARN  BlockingQueue:29 - Queue is empty
2020-11-18 16:30:24 INFO  Producer:18 - put to queue
2020-11-18 16:30:25 INFO  Producer:18 - put to queue
2020-11-18 16:30:25 INFO  Producer:18 - put to queue
2020-11-18 16:30:25 INFO  Producer:18 - put to queue
2020-11-18 16:30:25 INFO  Producer:18 - put to queue
2020-11-18 16:30:25 INFO  Producer:18 - put to queue
2020-11-18 16:30:25 INFO  Producer:18 - put to queue
2020-11-18 16:30:25 INFO  Producer:18 - put to queue
2020-11-18 16:30:25 INFO  Producer:18 - put to queue
2020-11-18 16:30:25 INFO  Producer:18 - put to queue
2020-11-18 16:30:25 INFO  Consumer:15 - take from queue
2020-11-18 16:30:25 INFO  Consumer:15 - take from queue
2020-11-18 16:30:26 INFO  Producer:18 - put to queue
2020-11-18 16:30:26 INFO  Producer:18 - put to queue
2020-11-18 16:30:26 INFO  Producer:18 - put to queue
2020-11-18 16:30:26 WARN  BlockingQueue:16 - Queue is full
2020-11-18 16:30:26 INFO  Consumer:15 - take from queue
2020-11-18 16:30:26 INFO  Consumer:15 - take from queue
2020-11-18 16:30:26 INFO  Producer:18 - put to queue
2020-11-18 16:30:27 INFO  Producer:18 - put to queue
2020-11-18 16:30:27 WARN  BlockingQueue:16 - Queue is full
2020-11-18 16:30:27 INFO  Consumer:15 - take from queue
2020-11-18 16:30:27 INFO  Consumer:15 - take from queue
2020-11-18 16:30:27 INFO  Producer:18 - put to queue
2020-11-18 16:30:28 INFO  Producer:18 - put to queue
2020-11-18 16:30:28 WARN  BlockingQueue:16 - Queue is full
2020-11-18 16:30:29 INFO  Consumer:15 - take from queue
2020-11-18 16:30:29 INFO  Consumer:15 - take from queue
2020-11-18 16:30:29 INFO  Producer:18 - put to queue
2020-11-18 16:30:29 INFO  Producer:18 - put to queue
2020-11-18 16:30:29 WARN  BlockingQueue:16 - Queue is full
2020-11-18 16:30:29 INFO  Consumer:15 - take from queue
2020-11-18 16:30:29 INFO  Producer:18 - put to queue
2020-11-18 16:30:29 WARN  BlockingQueue:16 - Queue is full
2020-11-18 16:30:30 INFO  Consumer:15 - take from queue
2020-11-18 16:30:30 INFO  Consumer:15 - take from queue
2020-11-18 16:30:30 INFO  Producer:18 - put to queue
2020-11-18 16:30:30 INFO  Producer:18 - put to queue
2020-11-18 16:30:30 WARN  BlockingQueue:16 - Queue is full
2020-11-18 16:30:30 INFO  Consumer:15 - take from queue
2020-11-18 16:30:30 INFO  Producer:18 - put to queue
2020-11-18 16:30:30 WARN  BlockingQueue:16 - Queue is full
2020-11-18 16:30:31 INFO  Consumer:15 - take from queue
2020-11-18 16:30:31 INFO  Consumer:15 - take from queue
2020-11-18 16:30:31 INFO  Producer:18 - put to queue
2020-11-18 16:30:31 INFO  Producer:18 - put to queue
2020-11-18 16:30:31 WARN  BlockingQueue:16 - Queue is full
2020-11-18 16:34:10 INFO  Producer:18 - put to queue
2020-11-18 16:34:10 INFO  Consumer:15 - take from queue
2020-11-18 16:34:10 INFO  Consumer:15 - take from queue
2020-11-18 16:34:10 WARN  BlockingQueue:29 - Queue is empty
2020-11-18 16:34:10 INFO  Consumer:15 - take from queue
2020-11-18 16:34:10 WARN  BlockingQueue:29 - Queue is empty
2020-11-18 16:34:10 WARN  BlockingQueue:29 - Queue is empty
2020-11-18 16:34:10 INFO  Producer:18 - put to queue
2020-11-18 16:34:10 INFO  Producer:18 - put to queue
2020-11-18 16:34:11 INFO  Producer:18 - put to queue
2020-11-18 16:34:11 INFO  Producer:18 - put to queue
2020-11-18 16:34:11 INFO  Producer:18 - put to queue
2020-11-18 16:34:11 INFO  Producer:18 - put to queue
2020-11-18 16:34:11 INFO  Producer:18 - put to queue
2020-11-18 16:34:11 INFO  Producer:18 - put to queue
2020-11-18 16:34:11 INFO  Producer:18 - put to queue
2020-11-18 16:34:11 INFO  Producer:18 - put to queue
2020-11-18 16:34:11 INFO  Consumer:15 - take from queue
2020-11-18 16:34:11 INFO  Producer:18 - put to queue
2020-11-18 16:34:11 INFO  Producer:18 - put to queue
2020-11-18 16:34:12 WARN  BlockingQueue:16 - Queue is full
2020-11-18 16:34:12 INFO  Consumer:15 - take from queue
2020-11-18 16:34:12 INFO  Producer:18 - put to queue
2020-11-18 16:34:12 WARN  BlockingQueue:16 - Queue is full
2020-11-18 16:34:13 INFO  Consumer:15 - take from queue
2020-11-18 16:34:13 INFO  Producer:18 - put to queue
2020-11-18 16:34:13 WARN  BlockingQueue:16 - Queue is full
2020-11-18 16:34:14 INFO  Consumer:15 - take from queue
2020-11-18 16:34:14 INFO  Producer:18 - put to queue
2020-11-18 16:34:14 WARN  BlockingQueue:16 - Queue is full
2020-11-18 16:34:15 INFO  Consumer:15 - take from queue
2020-11-18 16:34:15 INFO  Producer:18 - put to queue
2020-11-18 16:34:15 WARN  BlockingQueue:16 - Queue is full
2020-11-18 16:34:15 INFO  Consumer:15 - take from queue
2020-11-18 16:34:15 INFO  Producer:18 - put to queue
2020-11-18 16:34:15 WARN  BlockingQueue:16 - Queue is full
2020-11-18 16:34:16 INFO  Consumer:15 - take from queue
2020-11-18 16:34:16 INFO  Producer:18 - put to queue
2020-11-18 16:34:16 WARN  BlockingQueue:16 - Queue is full
2020-11-18 16:34:16 INFO  Consumer:15 - take from queue
2020-11-18 16:34:16 INFO  Producer:18 - put to queue
2020-11-18 16:34:16 WARN  BlockingQueue:16 - Queue is full
2020-11-18 16:34:17 INFO  Consumer:15 - take from queue
2020-11-18 16:34:17 INFO  Producer:18 - put to queue
2020-11-18 16:34:17 WARN  BlockingQueue:16 - Queue is full
2020-11-18 16:34:17 INFO  Consumer:15 - take from queue
2020-11-18 16:34:17 INFO  Producer:18 - put to queue
2020-11-18 16:34:17 WARN  BlockingQueue:16 - Queue is full
2020-11-18 16:34:18 INFO  Consumer:15 - take from queue
2020-11-18 16:34:18 INFO  Producer:18 - put to queue
2020-11-18 16:34:18 WARN  BlockingQueue:16 - Queue is full
2020-11-18 16:34:18 INFO  Consumer:15 - take from queue
2020-11-18 16:34:18 INFO  Producer:18 - put to queue
2020-11-18 16:34:18 WARN  BlockingQueue:16 - Queue is full
2020-11-18 16:34:19 INFO  Consumer:15 - take from queue
2020-11-18 16:34:19 INFO  Producer:18 - put to queue
2020-11-18 16:34:19 WARN  BlockingQueue:16 - Queue is full
2020-11-18 16:34:19 INFO  Consumer:15 - take from queue
2020-11-18 16:34:19 INFO  Producer:18 - put to queue
2020-11-18 16:34:19 WARN  BlockingQueue:16 - Queue is full
2020-11-18 16:34:20 INFO  Consumer:15 - take from queue
2020-11-18 16:34:20 INFO  Producer:18 - put to queue
2020-11-18 16:34:20 WARN  BlockingQueue:16 - Queue is full
2020-11-18 16:34:20 INFO  Consumer:15 - take from queue
2020-11-18 16:34:20 INFO  Producer:18 - put to queue
2020-11-18 16:34:21 WARN  BlockingQueue:16 - Queue is full
2020-11-18 16:34:21 INFO  Consumer:15 - take from queue
2020-11-18 16:34:21 INFO  Producer:18 - put to queue
2020-11-18 16:34:21 WARN  BlockingQueue:16 - Queue is full
2020-11-18 16:34:21 INFO  Consumer:15 - take from queue
2020-11-18 16:34:21 INFO  Producer:18 - put to queue
2020-11-18 16:34:22 WARN  BlockingQueue:16 - Queue is full
2020-11-18 17:25:47 INFO  Producer:18 - put to queue
2020-11-18 17:25:47 INFO  Consumer:15 - take from queue
2020-11-18 17:25:47 INFO  Consumer:15 - take from queue
2020-11-18 17:25:47 INFO  Consumer:15 - take from queue
2020-11-18 17:25:47 WARN  BlockingQueue:29 - Queue is empty
2020-11-18 17:25:47 WARN  BlockingQueue:29 - Queue is empty
2020-11-18 17:25:47 WARN  BlockingQueue:29 - Queue is empty
2020-11-18 17:25:47 INFO  Producer:18 - put to queue
2020-11-18 17:25:47 INFO  Producer:18 - put to queue
2020-11-18 17:25:47 INFO  Producer:18 - put to queue
2020-11-18 17:25:47 INFO  Producer:18 - put to queue
2020-11-18 17:25:47 INFO  Producer:18 - put to queue
2020-11-18 17:25:47 INFO  Producer:18 - put to queue
2020-11-18 17:25:47 INFO  Producer:18 - put to queue
2020-11-18 17:25:48 INFO  Producer:18 - put to queue
2020-11-18 17:25:48 INFO  Producer:18 - put to queue
2020-11-18 17:25:48 INFO  Producer:18 - put to queue
2020-11-18 17:25:48 INFO  Consumer:15 - take from queue
2020-11-18 17:25:48 INFO  Consumer:15 - take from queue
2020-11-18 17:25:48 INFO  Producer:18 - put to queue
2020-11-18 17:25:48 INFO  Producer:18 - put to queue
2020-11-18 17:25:48 INFO  Producer:18 - put to queue
2020-11-18 17:25:48 INFO  Producer:18 - put to queue
2020-11-18 17:25:48 WARN  BlockingQueue:16 - Queue is full
2020-11-18 17:25:49 INFO  Consumer:15 - take from queue
2020-11-18 17:25:49 INFO  Consumer:15 - take from queue
2020-11-18 17:25:49 INFO  Producer:18 - put to queue
2020-11-18 17:25:49 INFO  Producer:18 - put to queue
2020-11-18 17:25:49 WARN  BlockingQueue:16 - Queue is full
2020-11-19 10:26:53 DEBUG MainApplication:10 - Application is started ... !
2020-11-19 10:26:53 DEBUG BlockingQueue:75 - Thread Producer is stopped !
2020-11-19 10:26:53 DEBUG BlockingQueue:75 - Thread Consumer is stopped !
2020-11-19 10:41:49 DEBUG MainApplication:10 - Application is started ... !
2020-11-19 10:41:49 DEBUG BlockingQueue:75 - Thread Producer is stopped !
2020-11-19 10:41:49 DEBUG BlockingQueue:75 - Thread Consumer is stopped !
2020-11-19 10:42:26 DEBUG MainApplication:10 - Application is started ... !
2020-11-19 10:42:26 DEBUG BlockingQueue:75 - Thread Producer is stopped !
2020-11-19 10:42:27 DEBUG BlockingQueue:75 - Thread Consumer is stopped !
2020-11-19 10:44:22 DEBUG MainApplication:10 - Application is started ... !
2020-11-19 10:44:22 DEBUG BlockingQueue:75 - Thread Producer is stopped !
2020-11-19 10:44:23 DEBUG BlockingQueue:75 - Thread Consumer is stopped !
2020-11-19 10:49:02 DEBUG MainApplication:10 - Application is started ... !
2020-11-19 10:49:02 DEBUG BlockingQueue:75 - Thread Producer is stopped !
2020-11-19 10:49:03 DEBUG BlockingQueue:75 - Thread Consumer is stopped !
2020-11-19 10:52:59 DEBUG MainApplication:10 - Application is started ... !
2020-11-19 10:52:59 DEBUG BlockingQueue:82 - Thread Producer is stopped !
2020-11-19 10:53:00 DEBUG BlockingQueue:82 - Thread Consumer is stopped !
2020-11-19 10:55:49 DEBUG MainApplication:10 - Application is started ... !
2020-11-19 10:55:49 DEBUG BlockingQueue:81 - Thread Producer is stopped !
2020-11-19 10:55:49 DEBUG BlockingQueue:81 - Thread Consumer is stopped !
2020-11-19 16:08:03 DEBUG MainApplication:10 - Application is started ... !
2020-11-19 16:08:03 DEBUG BlockingQueue:74 - Thread Producer is stopped !
2020-11-19 16:08:03 DEBUG BlockingQueue:74 - Thread Consumer is stopped !
2020-11-19 16:11:41 DEBUG MainApplication:10 - Application is started ... !
2020-11-19 16:11:41 DEBUG BlockingQueue:75 - Thread Producer is stopped !
2020-11-19 16:11:41 DEBUG BlockingQueue:75 - Thread Consumer is stopped !
2020-11-19 16:13:12 DEBUG MainApplication:10 - Application is started ... !
2020-11-19 16:13:12 DEBUG BlockingQueue:75 - Thread Producer is stopped !
2020-11-19 16:13:12 DEBUG BlockingQueue:75 - Thread Consumer is stopped !
2020-11-19 16:13:33 DEBUG MainApplication:10 - Application is started ... !
2020-11-19 16:13:33 DEBUG BlockingQueue:75 - Thread Producer is stopped !
2020-11-19 16:13:33 DEBUG BlockingQueue:75 - Thread Consumer is stopped !
2020-11-19 16:20:16 DEBUG MainApplication:10 - Application is started ... !
2020-11-19 16:20:16 INFO  BlockingQueue:58 - running...
2020-11-19 16:20:16 DEBUG BlockingQueue:51 - Thread Producer is started !
2020-11-19 16:20:17 DEBUG BlockingQueue:51 - Thread Consumer is started !
2020-11-19 16:20:17 INFO  BlockingQueue:58 - running...
2020-11-19 16:20:17 INFO  BlockingQueue:10 - put to queue
2020-11-19 16:20:18 INFO  BlockingQueue:7 - take from queue
2020-11-19 16:20:18 WARN  BlockingQueue:34 - Queue is empty
2020-11-19 16:22:39 DEBUG MainApplication:10 - Application is started ... !
2020-11-19 16:22:39 INFO  BlockingQueue:58 - running...
2020-11-19 16:22:39 DEBUG BlockingQueue:51 - Thread Producer is started !
2020-11-19 16:22:39 DEBUG BlockingQueue:51 - Thread Consumer is started !
2020-11-19 16:22:39 INFO  BlockingQueue:58 - running...
2020-11-19 16:22:40 INFO  BlockingQueue:10 - put to queue
2020-11-19 16:22:40 INFO  BlockingQueue:7 - take from queue
2020-11-19 16:22:40 WARN  BlockingQueue:34 - Queue is empty
2020-11-19 16:23:43 DEBUG MainApplication:10 - Application is started ... !
2020-11-19 16:23:43 INFO  BlockingQueue:58 - running...
2020-11-19 16:23:43 DEBUG BlockingQueue:51 - Thread Producer is started !
2020-11-19 16:23:43 DEBUG BlockingQueue:51 - Thread Consumer is started !
2020-11-19 16:23:43 INFO  BlockingQueue:58 - running...
2020-11-19 16:23:44 INFO  BlockingQueue:10 - put to queue
2020-11-19 16:23:44 INFO  BlockingQueue:7 - take from queue
2020-11-19 16:23:44 WARN  BlockingQueue:34 - Queue is empty
2020-11-19 16:24:32 DEBUG MainApplication:10 - Application is started ... !
2020-11-19 16:24:32 INFO  BlockingQueue:58 - running...
2020-11-19 16:24:32 DEBUG BlockingQueue:51 - Thread Producer is started !
2020-11-19 16:24:32 DEBUG BlockingQueue:51 - Thread Consumer is started !
2020-11-19 16:24:32 INFO  BlockingQueue:58 - running...
2020-11-19 16:24:33 INFO  BlockingQueue:11 - put to queue
2020-11-19 16:24:33 INFO  BlockingQueue:7 - take from queue
2020-11-19 16:24:33 WARN  BlockingQueue:34 - Queue is empty
2020-11-19 16:28:17 DEBUG MainApplication:10 - Application is started ... !
2020-11-19 16:28:17 INFO  BlockingQueue:58 - running...
2020-11-19 16:28:17 DEBUG BlockingQueue:51 - Thread Producer is started !
2020-11-19 16:28:17 DEBUG BlockingQueue:51 - Thread Consumer is started !
2020-11-19 16:28:17 INFO  BlockingQueue:58 - running...
2020-11-19 16:28:18 INFO  BlockingQueue:10 - put to queue
2020-11-19 16:28:18 INFO  BlockingQueue:7 - take from queue
2020-11-19 16:28:18 WARN  BlockingQueue:34 - Queue is empty
2020-11-19 16:35:00 DEBUG MainApplication:10 - Application is started ... !
2020-11-19 16:35:00 INFO  BlockingQueue:57 - running...
2020-11-19 16:35:00 DEBUG BlockingQueue:50 - Thread Producer is started !
2020-11-19 16:35:00 DEBUG BlockingQueue:50 - Thread Consumer is started !
2020-11-19 16:35:00 INFO  BlockingQueue:57 - running...
2020-11-19 16:35:01 INFO  BlockingQueue:10 - put to queue
2020-11-19 16:35:01 INFO  BlockingQueue:7 - take from queue
2020-11-19 16:35:01 WARN  BlockingQueue:33 - Queue is empty
2020-11-19 16:35:21 DEBUG MainApplication:10 - Application is started ... !
2020-11-19 16:35:21 INFO  BlockingQueue:57 - running...
2020-11-19 16:35:21 DEBUG BlockingQueue:50 - Thread Producer is started !
2020-11-19 16:35:21 DEBUG BlockingQueue:50 - Thread Consumer is started !
2020-11-19 16:35:21 INFO  BlockingQueue:57 - running...
2020-11-19 16:35:22 INFO  BlockingQueue:10 - put to queue
2020-11-19 16:35:22 INFO  BlockingQueue:7 - take from queue
2020-11-19 16:35:22 WARN  BlockingQueue:33 - Queue is empty
2020-11-19 16:35:51 DEBUG BlockingQueue:81 - Thread Producer is stopped !
2020-11-19 16:35:51 ERROR BlockingQueue:62 - 
java.util.NoSuchElementException
	at java.util.LinkedList.removeLast(LinkedList.java:283)
	at com.xtel.training.exe.newexe.BlockingQueue.take(BlockingQueue.java:39)
	at com.xtel.training.exe.newexe.Consumer.doSomething(Consumer.java:8)
	at com.xtel.training.exe.newexe.BlockingQueue.run(BlockingQueue.java:59)
2020-11-19 16:35:51 DEBUG BlockingQueue:81 - Thread Consumer is stopped !
2020-11-19 16:40:32 DEBUG MainApplication:10 - Application is started ... !
2020-11-19 16:40:32 INFO  BlockingQueue:57 - running...
2020-11-19 16:40:32 DEBUG BlockingQueue:50 - Thread Producer is started !
2020-11-19 16:40:32 DEBUG BlockingQueue:50 - Thread Consumer is started !
2020-11-19 16:40:32 INFO  BlockingQueue:57 - running...
2020-11-19 16:40:33 INFO  BlockingQueue:10 - put to queue
2020-11-19 16:40:33 INFO  BlockingQueue:57 - running...
2020-11-19 16:40:33 INFO  BlockingQueue:7 - take from queue
2020-11-19 16:40:33 WARN  BlockingQueue:33 - Queue is empty
2020-11-19 16:40:34 INFO  BlockingQueue:10 - put to queue
2020-11-19 16:40:34 INFO  BlockingQueue:57 - running...
2020-11-19 16:40:34 ERROR BlockingQueue:62 - 
java.util.NoSuchElementException
	at java.util.LinkedList.removeLast(LinkedList.java:283)
	at com.xtel.training.exe.newexe.BlockingQueue.take(BlockingQueue.java:39)
	at com.xtel.training.exe.newexe.Consumer.doSomething(Consumer.java:8)
	at com.xtel.training.exe.newexe.BlockingQueue.run(BlockingQueue.java:59)
2020-11-19 16:40:34 INFO  BlockingQueue:57 - running...
2020-11-19 16:40:35 INFO  BlockingQueue:10 - put to queue
2020-11-19 16:40:35 INFO  BlockingQueue:7 - take from queue
2020-11-19 16:40:35 WARN  BlockingQueue:33 - Queue is empty
2020-11-19 16:40:35 INFO  BlockingQueue:57 - running...
2020-11-19 16:40:36 INFO  BlockingQueue:10 - put to queue
2020-11-19 16:40:36 INFO  BlockingQueue:57 - running...
2020-11-19 16:40:36 ERROR BlockingQueue:62 - 
java.util.NoSuchElementException
	at java.util.LinkedList.removeLast(LinkedList.java:283)
	at com.xtel.training.exe.newexe.BlockingQueue.take(BlockingQueue.java:39)
	at com.xtel.training.exe.newexe.Consumer.doSomething(Consumer.java:8)
	at com.xtel.training.exe.newexe.BlockingQueue.run(BlockingQueue.java:59)
2020-11-19 16:40:36 INFO  BlockingQueue:57 - running...
2020-11-19 16:40:37 INFO  BlockingQueue:7 - take from queue
2020-11-19 16:40:37 WARN  BlockingQueue:33 - Queue is empty
2020-11-19 16:40:37 INFO  BlockingQueue:10 - put to queue
2020-11-19 16:40:37 INFO  BlockingQueue:57 - running...
2020-11-19 16:40:37 ERROR BlockingQueue:62 - 
java.util.NoSuchElementException
	at java.util.LinkedList.removeLast(LinkedList.java:283)
	at com.xtel.training.exe.newexe.BlockingQueue.take(BlockingQueue.java:39)
	at com.xtel.training.exe.newexe.Consumer.doSomething(Consumer.java:8)
	at com.xtel.training.exe.newexe.BlockingQueue.run(BlockingQueue.java:59)
2020-11-19 16:40:37 INFO  BlockingQueue:57 - running...
2020-11-19 16:40:38 INFO  BlockingQueue:10 - put to queue
2020-11-19 16:40:38 INFO  BlockingQueue:7 - take from queue
2020-11-19 16:40:38 WARN  BlockingQueue:33 - Queue is empty
2020-11-19 16:40:38 INFO  BlockingQueue:57 - running...
2020-11-19 16:40:39 INFO  BlockingQueue:10 - put to queue
2020-11-19 16:40:39 INFO  BlockingQueue:57 - running...
2020-11-19 16:40:39 ERROR BlockingQueue:62 - 
java.util.NoSuchElementException
	at java.util.LinkedList.removeLast(LinkedList.java:283)
	at com.xtel.training.exe.newexe.BlockingQueue.take(BlockingQueue.java:39)
	at com.xtel.training.exe.newexe.Consumer.doSomething(Consumer.java:8)
	at com.xtel.training.exe.newexe.BlockingQueue.run(BlockingQueue.java:59)
2020-11-19 16:40:39 INFO  BlockingQueue:57 - running...
2020-11-19 16:40:40 INFO  BlockingQueue:7 - take from queue
2020-11-19 16:40:40 WARN  BlockingQueue:33 - Queue is empty
2020-11-19 16:40:40 INFO  BlockingQueue:10 - put to queue
2020-11-19 16:40:40 INFO  BlockingQueue:57 - running...
2020-11-19 16:40:40 ERROR BlockingQueue:62 - 
java.util.NoSuchElementException
	at java.util.LinkedList.removeLast(LinkedList.java:283)
	at com.xtel.training.exe.newexe.BlockingQueue.take(BlockingQueue.java:39)
	at com.xtel.training.exe.newexe.Consumer.doSomething(Consumer.java:8)
	at com.xtel.training.exe.newexe.BlockingQueue.run(BlockingQueue.java:59)
2020-11-19 16:40:40 INFO  BlockingQueue:57 - running...
2020-11-19 16:40:41 INFO  BlockingQueue:7 - take from queue
2020-11-19 16:40:41 WARN  BlockingQueue:33 - Queue is empty
2020-11-19 16:40:41 INFO  BlockingQueue:10 - put to queue
2020-11-19 16:40:41 INFO  BlockingQueue:57 - running...
2020-11-19 16:40:41 ERROR BlockingQueue:62 - 
java.util.NoSuchElementException
	at java.util.LinkedList.removeLast(LinkedList.java:283)
	at com.xtel.training.exe.newexe.BlockingQueue.take(BlockingQueue.java:39)
	at com.xtel.training.exe.newexe.Consumer.doSomething(Consumer.java:8)
	at com.xtel.training.exe.newexe.BlockingQueue.run(BlockingQueue.java:59)
2020-11-19 16:40:41 INFO  BlockingQueue:57 - running...
2020-11-19 16:40:42 INFO  BlockingQueue:10 - put to queue
2020-11-19 16:40:42 INFO  BlockingQueue:7 - take from queue
2020-11-19 16:40:42 WARN  BlockingQueue:33 - Queue is empty
2020-11-19 16:40:42 INFO  BlockingQueue:57 - running...
